This is pdfTeX, Version 3.14159265-2.6-1.40.18 (TeX Live 2017) (preloaded format=pdflatex 2018.1.22)  25 JUN 2018 10:43
entering extended mode
 restricted \write18 enabled.
 %&-line parsing enabled.
**zeugnisse.tex
(./zeugnisse.tex
LaTeX2e <2017-04-15>
Babel <3.10> and hyphenation patterns for 84 language(s) loaded.
(/home/minh/opt/texlive/texmf-dist/tex/latex/koma-script/scrartcl.cls
Document Class: scrartcl 2017/04/13 v3.23 KOMA-Script document class (article)
(/home/minh/opt/texlive/texmf-dist/tex/latex/koma-script/scrkbase.sty
Package: scrkbase 2017/04/13 v3.23 KOMA-Script package (KOMA-Script-dependent b
asics and keyval usage)

(/home/minh/opt/texlive/texmf-dist/tex/latex/koma-script/scrbase.sty
Package: scrbase 2017/04/13 v3.23 KOMA-Script package (KOMA-Script-independent 
basics and keyval usage)

(/home/minh/opt/texlive/texmf-dist/tex/latex/graphics/keyval.sty
Package: keyval 2014/10/28 v1.15 key=value parser (DPC)
\KV@toks@=\toks14
)
(/home/minh/opt/texlive/texmf-dist/tex/latex/koma-script/scrlfile.sty
Package: scrlfile 2017/04/13 v3.23 KOMA-Script package (loading files)

Package scrlfile, 2017/04/13 v3.23 KOMA-Script package (loading files)
                  Copyright (C) Markus Kohm

))) (/home/minh/opt/texlive/texmf-dist/tex/latex/koma-script/tocbasic.sty
Package: tocbasic 2017/04/13 v3.23 KOMA-Script package (handling toc-files)
\scr@dte@tocline@numberwidth=\skip41
\scr@dte@tocline@numbox=\box26
)
Package tocbasic Info: omitting babel extension for `toc'
(tocbasic)             because of feature `nobabel' available
(tocbasic)             for `toc' on input line 131.
Package tocbasic Info: omitting babel extension for `lof'
(tocbasic)             because of feature `nobabel' available
(tocbasic)             for `lof' on input line 133.
Package tocbasic Info: omitting babel extension for `lot'
(tocbasic)             because of feature `nobabel' available
(tocbasic)             for `lot' on input line 134.
Package scrartcl Info: You've used standard option `12pt'.
(scrartcl)             This is correct!
(scrartcl)             Internally I'm using `fontsize=12pt'.
(scrartcl)             If you'd like to set the option with \KOMAoptions,
(scrartcl)             you'd have to use `fontsize=12pt' there
(scrartcl)             instead of `12pt', too.
Class scrartcl Info: File `scrsize12pt.clo' used to setup font sizes on input l
ine 2059.

(/home/minh/opt/texlive/texmf-dist/tex/latex/koma-script/scrsize12pt.clo
File: scrsize12pt.clo 2017/04/13 v3.23 KOMA-Script font size class option (12pt
)
)
(/home/minh/opt/texlive/texmf-dist/tex/latex/koma-script/typearea.sty
Package: typearea 2017/04/13 v3.23 KOMA-Script package (type area)
\ta@bcor=\skip42
\ta@div=\count79
Package typearea Info: You've used standard option `a4paper'.
(typearea)             This is correct!
(typearea)             Internally I'm using `paper=a4'.
(typearea)             If you'd like to set the option with \KOMAoptions,
(typearea)             you'd have to use `paper=a4' there
(typearea)             instead of `a4paper', too.
\ta@hblk=\skip43
\ta@vblk=\skip44
\ta@temp=\skip45
\footheight=\skip46
Package typearea Info: These are the values describing the layout:
(typearea)             DIV  = 12
(typearea)             BCOR = 0.0pt
(typearea)             \paperwidth      = 597.50793pt
(typearea)              \textwidth      = 448.13095pt
(typearea)              DIV departure   = -6%
(typearea)              \evensidemargin = 2.4185pt
(typearea)              \oddsidemargin  = 2.4185pt
(typearea)             \paperheight     = 845.04694pt
(typearea)              \textheight     = 635.5pt
(typearea)              \topmargin      = -41.72441pt
(typearea)              \headheight     = 18.125pt
(typearea)              \headsep        = 21.75pt
(typearea)              \topskip        = 12.0pt
(typearea)              \footskip       = 50.75pt
(typearea)              \baselineskip   = 14.5pt
(typearea)              on input line 1647.
)
\c@part=\count80
\c@section=\count81
\c@subsection=\count82
\c@subsubsection=\count83
\c@paragraph=\count84
\c@subparagraph=\count85
\scr@dte@part@maxnumwidth=\skip47
\scr@dte@section@maxnumwidth=\skip48
\scr@dte@subsection@maxnumwidth=\skip49
\scr@dte@subsubsection@maxnumwidth=\skip50
\scr@dte@paragraph@maxnumwidth=\skip51
\scr@dte@subparagraph@maxnumwidth=\skip52
LaTeX Info: Redefining \textsubscript on input line 4094.
\abovecaptionskip=\skip53
\belowcaptionskip=\skip54
\c@pti@nb@sid@b@x=\box27
\c@figure=\count86
\c@table=\count87
Class scrartcl Info: Redefining `\numberline' on input line 5233.
\bibindent=\dimen102
)
(/home/minh/opt/texlive/texmf-dist/tex/latex/graphics/graphicx.sty
Package: graphicx 2014/10/28 v1.0g Enhanced LaTeX Graphics (DPC,SPQR)

(/home/minh/opt/texlive/texmf-dist/tex/latex/graphics/graphics.sty
Package: graphics 2017/04/14 v1.1b Standard LaTeX Graphics (DPC,SPQR)

(/home/minh/opt/texlive/texmf-dist/tex/latex/graphics/trig.sty
Package: trig 2016/01/03 v1.10 sin cos tan (DPC)
)
(/home/minh/opt/texlive/texmf-dist/tex/latex/graphics-cfg/graphics.cfg
File: graphics.cfg 2016/06/04 v1.11 sample graphics configuration
)
Package graphics Info: Driver file: pdftex.def on input line 99.

(/home/minh/opt/texlive/texmf-dist/tex/latex/graphics-def/pdftex.def
File: pdftex.def 2017/01/12 v0.06k Graphics/color for pdfTeX

(/home/minh/opt/texlive/texmf-dist/tex/generic/oberdiek/infwarerr.sty
Package: infwarerr 2016/05/16 v1.4 Providing info/warning/error messages (HO)
)
(/home/minh/opt/texlive/texmf-dist/tex/generic/oberdiek/ltxcmds.sty
Package: ltxcmds 2016/05/16 v1.23 LaTeX kernel commands for general use (HO)
)
\Gread@gobject=\count88
))
\Gin@req@height=\dimen103
\Gin@req@width=\dimen104
)
(/home/minh/opt/texlive/texmf-dist/tex/latex/geometry/geometry.sty
Package: geometry 2010/09/12 v5.6 Page Geometry

(/home/minh/opt/texlive/texmf-dist/tex/generic/oberdiek/ifpdf.sty
Package: ifpdf 2017/03/15 v3.2 Provides the ifpdf switch
)
(/home/minh/opt/texlive/texmf-dist/tex/generic/oberdiek/ifvtex.sty
Package: ifvtex 2016/05/16 v1.6 Detect VTeX and its facilities (HO)
Package ifvtex Info: VTeX not detected.
)
(/home/minh/opt/texlive/texmf-dist/tex/generic/ifxetex/ifxetex.sty
Package: ifxetex 2010/09/12 v0.6 Provides ifxetex conditional
)
\Gm@cnth=\count89
\Gm@cntv=\count90
\c@Gm@tempcnt=\count91
\Gm@bindingoffset=\dimen105
\Gm@wd@mp=\dimen106
\Gm@odd@mp=\dimen107
\Gm@even@mp=\dimen108
\Gm@layoutwidth=\dimen109
\Gm@layoutheight=\dimen110
\Gm@layouthoffset=\dimen111
\Gm@layoutvoffset=\dimen112
\Gm@dimlist=\toks15
)
(/home/minh/opt/texlive/texmf-dist/tex/latex/oberdiek/bookmark.sty
Package: bookmark 2016/05/17 v1.26 PDF bookmarks (HO)

(/home/minh/opt/texlive/texmf-dist/tex/generic/oberdiek/pdfescape.sty
Package: pdfescape 2016/05/16 v1.14 Implements pdfTeX's escape features (HO)

(/home/minh/opt/texlive/texmf-dist/tex/generic/oberdiek/pdftexcmds.sty
Package: pdftexcmds 2017/03/19 v0.25 Utility functions of pdfTeX for LuaTeX (HO
)

(/home/minh/opt/texlive/texmf-dist/tex/generic/oberdiek/ifluatex.sty
Package: ifluatex 2016/05/16 v1.4 Provides the ifluatex switch (HO)
Package ifluatex Info: LuaTeX not detected.
)
Package pdftexcmds Info: LuaTeX not detected.
Package pdftexcmds Info: \pdf@primitive is available.
Package pdftexcmds Info: \pdf@ifprimitive is available.
Package pdftexcmds Info: \pdfdraftmode found.
))
(/home/minh/opt/texlive/texmf-dist/tex/latex/hyperref/hyperref.sty
Package: hyperref 2017/03/14 v6.85a Hypertext links for LaTeX

(/home/minh/opt/texlive/texmf-dist/tex/generic/oberdiek/hobsub-hyperref.sty
Package: hobsub-hyperref 2016/05/16 v1.14 Bundle oberdiek, subset hyperref (HO)


(/home/minh/opt/texlive/texmf-dist/tex/generic/oberdiek/hobsub-generic.sty
Package: hobsub-generic 2016/05/16 v1.14 Bundle oberdiek, subset generic (HO)
Package: hobsub 2016/05/16 v1.14 Construct package bundles (HO)
Package hobsub Info: Skipping package `infwarerr' (already loaded).
Package hobsub Info: Skipping package `ltxcmds' (already loaded).
Package hobsub Info: Skipping package `ifluatex' (already loaded).
Package hobsub Info: Skipping package `ifvtex' (already loaded).
Package: intcalc 2016/05/16 v1.2 Expandable calculations with integers (HO)
Package hobsub Info: Skipping package `ifpdf' (already loaded).
Package: etexcmds 2016/05/16 v1.6 Avoid name clashes with e-TeX commands (HO)
Package etexcmds Info: Could not find \expanded.
(etexcmds)             That can mean that you are not using pdfTeX 1.50 or
(etexcmds)             that some package has redefined \expanded.
(etexcmds)             In the latter case, load this package earlier.
Package: kvsetkeys 2016/05/16 v1.17 Key value parser (HO)
Package: kvdefinekeys 2016/05/16 v1.4 Define keys (HO)
Package hobsub Info: Skipping package `pdftexcmds' (already loaded).
Package hobsub Info: Skipping package `pdfescape' (already loaded).
Package: bigintcalc 2016/05/16 v1.4 Expandable calculations on big integers (HO
)
Package: bitset 2016/05/16 v1.2 Handle bit-vector datatype (HO)
Package: uniquecounter 2016/05/16 v1.3 Provide unlimited unique counter (HO)
)
Package hobsub Info: Skipping package `hobsub' (already loaded).
Package: letltxmacro 2016/05/16 v1.5 Let assignment for LaTeX macros (HO)
Package: hopatch 2016/05/16 v1.3 Wrapper for package hooks (HO)
Package: xcolor-patch 2016/05/16 xcolor patch
Package: atveryend 2016/05/16 v1.9 Hooks at the very end of document (HO)
Package atveryend Info: \enddocument detected (standard20110627).
Package: atbegshi 2016/06/09 v1.18 At begin shipout hook (HO)
Package: refcount 2016/05/16 v3.5 Data extraction from label references (HO)
Package: hycolor 2016/05/16 v1.8 Color options for hyperref/bookmark (HO)
)
(/home/minh/opt/texlive/texmf-dist/tex/latex/oberdiek/auxhook.sty
Package: auxhook 2016/05/16 v1.4 Hooks for auxiliary files (HO)
)
(/home/minh/opt/texlive/texmf-dist/tex/latex/oberdiek/kvoptions.sty
Package: kvoptions 2016/05/16 v3.12 Key value format for package options (HO)
)
\@linkdim=\dimen113
\Hy@linkcounter=\count92
\Hy@pagecounter=\count93

(/home/minh/opt/texlive/texmf-dist/tex/latex/hyperref/pd1enc.def
File: pd1enc.def 2017/03/14 v6.85a Hyperref: PDFDocEncoding definition (HO)
)
\Hy@SavedSpaceFactor=\count94

(/home/minh/opt/texlive/texmf-dist/tex/latex/latexconfig/hyperref.cfg
File: hyperref.cfg 2002/06/06 v1.2 hyperref configuration of TeXLive
)
Package hyperref Info: Hyper figures OFF on input line 4498.
Package hyperref Info: Link nesting OFF on input line 4503.
Package hyperref Info: Hyper index ON on input line 4506.
Package hyperref Info: Plain pages OFF on input line 4513.
Package hyperref Info: Backreferencing OFF on input line 4518.
Package hyperref Info: Implicit mode ON; LaTeX internals redefined.
Package hyperref Info: Bookmarks ON on input line 4751.
\c@Hy@tempcnt=\count95

(/home/minh/opt/texlive/texmf-dist/tex/latex/url/url.sty
\Urlmuskip=\muskip10
Package: url 2013/09/16  ver 3.4  Verb mode for urls, etc.
)
LaTeX Info: Redefining \url on input line 5104.
\XeTeXLinkMargin=\dimen114
\Fld@menulength=\count96
\Field@Width=\dimen115
\Fld@charsize=\dimen116
Package hyperref Info: Hyper figures OFF on input line 6358.
Package hyperref Info: Link nesting OFF on input line 6363.
Package hyperref Info: Hyper index ON on input line 6366.
Package hyperref Info: backreferencing OFF on input line 6373.
Package hyperref Info: Link coloring OFF on input line 6378.
Package hyperref Info: Link coloring with OCG OFF on input line 6383.
Package hyperref Info: PDF/A mode OFF on input line 6388.
LaTeX Info: Redefining \ref on input line 6428.
LaTeX Info: Redefining \pageref on input line 6432.
\Hy@abspage=\count97
\c@Item=\count98
\c@Hfootnote=\count99
)

Package hyperref Message: Driver (autodetected): hpdftex.

(/home/minh/opt/texlive/texmf-dist/tex/latex/hyperref/hpdftex.def
File: hpdftex.def 2017/03/14 v6.85a Hyperref driver for pdfTeX
\Fld@listcount=\count100
\c@bookmark@seq@number=\count101

(/home/minh/opt/texlive/texmf-dist/tex/latex/oberdiek/rerunfilecheck.sty
Package: rerunfilecheck 2016/05/16 v1.8 Rerun checks for auxiliary files (HO)
Package uniquecounter Info: New unique counter `rerunfilecheck' on input line 2
82.
)
\Hy@SectionHShift=\skip55
)
(/home/minh/opt/texlive/texmf-dist/tex/latex/oberdiek/bkm-pdftex.def
File: bkm-pdftex.def 2016/05/17 v1.26 bookmark driver for pdfTeX (HO)
\BKM@id=\count102
))
(/home/minh/opt/texlive/texmf-dist/tex/latex/pdfpages/pdfpages.sty
Package: pdfpages 2017/01/14 v0.5h Insert pages of external PDF documents (AM)

(/home/minh/opt/texlive/texmf-dist/tex/latex/base/ifthen.sty
Package: ifthen 2014/09/29 v1.1c Standard LaTeX ifthen package (DPC)
)
(/home/minh/opt/texlive/texmf-dist/tex/latex/tools/calc.sty
Package: calc 2014/10/28 v4.3 Infix arithmetic (KKT,FJ)
\calc@Acount=\count103
\calc@Bcount=\count104
\calc@Adimen=\dimen117
\calc@Bdimen=\dimen118
\calc@Askip=\skip56
\calc@Bskip=\skip57
LaTeX Info: Redefining \setlength on input line 80.
LaTeX Info: Redefining \addtolength on input line 81.
\calc@Ccount=\count105
\calc@Cskip=\skip58
)
(/home/minh/opt/texlive/texmf-dist/tex/latex/eso-pic/eso-pic.sty
Package: eso-pic 2015/07/21 v2.0g eso-pic (RN)

(/home/minh/opt/texlive/texmf-dist/tex/latex/xcolor/xcolor.sty
Package: xcolor 2016/05/11 v2.12 LaTeX color extensions (UK)

(/home/minh/opt/texlive/texmf-dist/tex/latex/graphics-cfg/color.cfg
File: color.cfg 2016/01/02 v1.6 sample color configuration
)
Package xcolor Info: Driver file: pdftex.def on input line 225.
Package xcolor Info: Model `cmy' substituted by `cmy0' on input line 1348.
Package xcolor Info: Model `hsb' substituted by `rgb' on input line 1352.
Package xcolor Info: Model `RGB' extended on input line 1364.
Package xcolor Info: Model `HTML' substituted by `rgb' on input line 1366.
Package xcolor Info: Model `Hsb' substituted by `hsb' on input line 1367.
Package xcolor Info: Model `tHsb' substituted by `hsb' on input line 1368.
Package xcolor Info: Model `HSB' substituted by `hsb' on input line 1369.
Package xcolor Info: Model `Gray' substituted by `gray' on input line 1370.
Package xcolor Info: Model `wave' substituted by `hsb' on input line 1371.
))
\AM@pagewidth=\dimen119
\AM@pageheight=\dimen120

(/home/minh/opt/texlive/texmf-dist/tex/latex/pdfpages/pppdftex.def
File: pppdftex.def 2017/01/14 v0.5h Pdfpages driver for pdfTeX (AM)
)
\AM@pagebox=\box28
\AM@global@opts=\toks16
\AM@toc@title=\toks17
\c@AM@survey=\count106
\AM@templatesizebox=\box29
)
(./output/zeugnisse.aux)
\openout1 = `zeugnisse.aux'.

LaTeX Font Info:    Checking defaults for OML/cmm/m/it on input line 12.
LaTeX Font Info:    ... okay on input line 12.
LaTeX Font Info:    Checking defaults for T1/cmr/m/n on input line 12.
LaTeX Font Info:    ... okay on input line 12.
LaTeX Font Info:    Checking defaults for OT1/cmr/m/n on input line 12.
LaTeX Font Info:    ... okay on input line 12.
LaTeX Font Info:    Checking defaults for OMS/cmsy/m/n on input line 12.
LaTeX Font Info:    ... okay on input line 12.
LaTeX Font Info:    Checking defaults for OMX/cmex/m/n on input line 12.
LaTeX Font Info:    ... okay on input line 12.
LaTeX Font Info:    Checking defaults for U/cmr/m/n on input line 12.
LaTeX Font Info:    ... okay on input line 12.
LaTeX Font Info:    Checking defaults for PD1/pdf/m/n on input line 12.
LaTeX Font Info:    ... okay on input line 12.

(/home/minh/opt/texlive/texmf-dist/tex/context/base/mkii/supp-pdf.mkii
[Loading MPS to PDF converter (version 2006.09.02).]
\scratchcounter=\count107
\scratchdimen=\dimen121
\scratchbox=\box30
\nofMPsegments=\count108
\nofMParguments=\count109
\everyMPshowfont=\toks18
\MPscratchCnt=\count110
\MPscratchDim=\dimen122
\MPnumerator=\count111
\makeMPintoPDFobject=\count112
\everyMPtoPDFconversion=\toks19
) (/home/minh/opt/texlive/texmf-dist/tex/latex/oberdiek/epstopdf-base.sty
Package: epstopdf-base 2016/05/15 v2.6 Base part for package epstopdf

(/home/minh/opt/texlive/texmf-dist/tex/latex/oberdiek/grfext.sty
Package: grfext 2016/05/16 v1.2 Manage graphics extensions (HO)
)
Package epstopdf-base Info: Redefining graphics rule for `.eps' on input line 4
38.
Package grfext Info: Graphics extension search list:
(grfext)             [.png,.pdf,.jpg,.mps,.jpeg,.jbig2,.jb2,.PNG,.PDF,.JPG,.JPE
G,.JBIG2,.JB2,.eps]
(grfext)             \AppendGraphicsExtensions on input line 456.

(/home/minh/opt/texlive/texmf-dist/tex/latex/latexconfig/epstopdf-sys.cfg
File: epstopdf-sys.cfg 2010/07/13 v1.3 Configuration of (r)epstopdf for TeX Liv
e
))
*geometry* driver: auto-detecting
*geometry* detected driver: pdftex
*geometry* verbose mode - [ preamble ] result:
* driver: pdftex
* paper: a4paper
* layout: <same size as paper>
* layoutoffset:(h,v)=(0.0pt,0.0pt)
* modes: 
* h-part:(L,W,R)=(1.0pt, 595.50787pt, 1.0pt)
* v-part:(T,H,B)=(1.0pt, 843.04684pt, 1.0pt)
* \paperwidth=597.50787pt
* \paperheight=845.04684pt
* \textwidth=595.50787pt
* \textheight=843.04684pt
* \oddsidemargin=-71.26999pt
* \evensidemargin=-71.26999pt
* \topmargin=-111.14499pt
* \headheight=18.125pt
* \headsep=21.75pt
* \topskip=12.0pt
* \footskip=50.75pt
* \marginparwidth=49.79233pt
* \marginparsep=12.8401pt
* \columnsep=10.0pt
* \skip\footins=10.8pt plus 4.0pt minus 2.0pt
* \hoffset=0.0pt
* \voffset=0.0pt
* \mag=1000
* \@twocolumnfalse
* \@twosidefalse
* \@mparswitchfalse
* \@reversemarginfalse
* (1in=72.27pt=25.4mm, 1cm=28.453pt)

\AtBeginShipoutBox=\box31
Package hyperref Info: Link coloring OFF on input line 12.
(/home/minh/opt/texlive/texmf-dist/tex/latex/hyperref/nameref.sty
Package: nameref 2016/05/21 v2.44 Cross-referencing by name of section

(/home/minh/opt/texlive/texmf-dist/tex/generic/oberdiek/gettitlestring.sty
Package: gettitlestring 2016/05/16 v1.5 Cleanup title references (HO)
)
\c@section@level=\count113
)
LaTeX Info: Redefining \ref on input line 12.
LaTeX Info: Redefining \pageref on input line 12.
LaTeX Info: Redefining \nameref on input line 12.

(/home/minh/opt/texlive/texmf-dist/tex/latex/oberdiek/pdflscape.sty
Package: pdflscape 2016/05/14 v0.11 Display of landscape pages in PDF (HO)

(/home/minh/opt/texlive/texmf-dist/tex/latex/graphics/lscape.sty
Package: lscape 2000/10/22 v3.01 Landscape Pages (DPC)
)
Package pdflscape Info: Auto-detected driver: pdftex on input line 81.
)
<./zeugnisse/micreon_arbeitszeugniss_lq.jpg, id=4, 308.17474pt x 423.95177pt>
File: ./zeugnisse/micreon_arbeitszeugniss_lq.jpg Graphic file (type jpg)

<use ./zeugnisse/micreon_arbeitszeugniss_lq.jpg>
Package pdftex.def Info: ./zeugnisse/micreon_arbeitszeugniss_lq.jpg used on inp
ut line 20.
(pdftex.def)             Requested size: 595.60114pt x 819.3603pt.

Overfull \hbox (11.84314pt too wide) in paragraph at lines 19--21
[][] 
 []

[1

{/home/minh/opt/texlive/texmf-var/fonts/map/pdftex/updmap/pdftex.map} <./zeugni
sse/micreon_arbeitszeugniss_lq.jpg>]
<./zeugnisse/praktikumzeugnis_1.jpg, id=11, 597.432pt x 845.0772pt>
File: ./zeugnisse/praktikumzeugnis_1.jpg Graphic file (type jpg)

<use ./zeugnisse/praktikumzeugnis_1.jpg>
Package pdftex.def Info: ./zeugnisse/praktikumzeugnis_1.jpg used on input line 
24.
(pdftex.def)             Requested size: 595.50787pt x 842.43169pt.

<./zeugnisse/praktikumzeugnis_2.jpg, id=12, 597.432pt x 845.0772pt>
File: ./zeugnisse/praktikumzeugnis_2.jpg Graphic file (type jpg)

<use ./zeugnisse/praktikumzeugnis_2.jpg>
Package pdftex.def Info: ./zeugnisse/praktikumzeugnis_2.jpg used on input line 
25.
(pdftex.def)             Requested size: 595.50787pt x 842.43169pt.

Overfull \hbox (11.74988pt too wide) in paragraph at lines 24--26
[][]
 []

[2 <./zeugnisse/praktikumzeugnis_1.jpg>] [3 <./zeugnisse/praktikumzeugnis_2.jpg
>]

pdfTeX warning: pdflatex (file ./zeugnisse/creo.pdf): PDF inclusion: found PDF 
version <1.7>, but at most version <1.5> allowed
<./zeugnisse/creo.pdf, id=21, 845.04686pt x 597.50786pt>
File: ./zeugnisse/creo.pdf Graphic file (type pdf)

<use ./zeugnisse/creo.pdf>
Package pdftex.def Info: ./zeugnisse/creo.pdf used on input line 50.
(pdftex.def)             Requested size: 845.0448pt x 597.5064pt.


pdfTeX warning: pdflatex (file ./zeugnisse/creo.pdf): PDF inclusion: found PDF 
version <1.7>, but at most version <1.5> allowed
File: ./zeugnisse/creo.pdf Graphic file (type pdf)
<use ./zeugnisse/creo.pdf>
Package pdftex.def Info: ./zeugnisse/creo.pdf used on input line 50.
(pdftex.def)             Requested size: 845.0448pt x 597.5064pt.


pdfTeX warning: pdflatex (file ./zeugnisse/creo.pdf): PDF inclusion: found PDF 
version <1.7>, but at most version <1.5> allowed


pdfTeX warning: pdflatex (file ./zeugnisse/creo.pdf): PDF inclusion: found PDF 
version <1.7>, but at most version <1.5> allowed
<./zeugnisse/creo.pdf, id=24, page=1, 845.04686pt x 597.50786pt>
File: ./zeugnisse/creo.pdf Graphic file (type pdf)

<use ./zeugnisse/creo.pdf, page 1>
Package pdftex.def Info: ./zeugnisse/creo.pdf, page1 used on input line 50.
(pdftex.def)             Requested size: 845.0448pt x 597.5064pt.
File: ./zeugnisse/creo.pdf Graphic file (type pdf)
 <use ./zeugnisse/creo.pdf, page 1>
Package pdftex.def Info: ./zeugnisse/creo.pdf, page1 used on input line 50.
(pdftex.def)             Requested size: 845.08348pt x 597.53374pt.
File: ./zeugnisse/creo.pdf Graphic file (type pdf)

<use ./zeugnisse/creo.pdf, page 1>
Package pdftex.def Info: ./zeugnisse/creo.pdf, page1 used on input line 50.
(pdftex.def)             Requested size: 845.08348pt x 597.53374pt.
File: ./zeugnisse/creo.pdf Graphic file (type pdf)
 <use ./zeugnisse/creo.pdf, page 1>
Package pdftex.def Info: ./zeugnisse/creo.pdf, page1 used on input line 50.
(pdftex.def)             Requested size: 845.08348pt x 597.53374pt.
File: ./zeugnisse/creo.pdf Graphic file (type pdf)

<use ./zeugnisse/creo.pdf, page 1>
Package pdftex.def Info: ./zeugnisse/creo.pdf, page1 used on input line 50.
(pdftex.def)             Requested size: 845.08348pt x 597.53374pt.
 [4 <./zeugnisse/creo.pdf>]
<./zeugnisse/christiani_akademie_cad-kompakt.pdf, id=233, 597.432pt x 845.07718
pt>
File: ./zeugnisse/christiani_akademie_cad-kompakt.pdf Graphic file (type pdf)
 <use ./zeugnisse/christiani_akademie_cad-kompakt.pdf>
Package pdftex.def Info: ./zeugnisse/christiani_akademie_cad-kompakt.pdf used o
n input line 55.
(pdftex.def)             Requested size: 597.43054pt x 845.07512pt.
File: ./zeugnisse/christiani_akademie_cad-kompakt.pdf Graphic file (type pdf)

<use ./zeugnisse/christiani_akademie_cad-kompakt.pdf>
Package pdftex.def Info: ./zeugnisse/christiani_akademie_cad-kompakt.pdf used o
n input line 55.
(pdftex.def)             Requested size: 597.43054pt x 845.07512pt.

<./zeugnisse/christiani_akademie_cad-kompakt.pdf, id=236, page=1, 597.432pt x 8
45.07718pt>
File: ./zeugnisse/christiani_akademie_cad-kompakt.pdf Graphic file (type pdf)
 <use ./zeugnisse/christiani_akademie_cad-kompakt.pdf, page 1>
Package pdftex.def Info: ./zeugnisse/christiani_akademie_cad-kompakt.pdf, page1
 used on input line 55.
(pdftex.def)             Requested size: 597.43054pt x 845.07512pt.
File: ./zeugnisse/christiani_akademie_cad-kompakt.pdf Graphic file (type pdf)

<use ./zeugnisse/christiani_akademie_cad-kompakt.pdf, page 1>
Package pdftex.def Info: ./zeugnisse/christiani_akademie_cad-kompakt.pdf, page1
 used on input line 55.
(pdftex.def)             Requested size: 597.45789pt x 845.1138pt.
File: ./zeugnisse/christiani_akademie_cad-kompakt.pdf Graphic file (type pdf)

<use ./zeugnisse/christiani_akademie_cad-kompakt.pdf, page 1>
Package pdftex.def Info: ./zeugnisse/christiani_akademie_cad-kompakt.pdf, page1
 used on input line 55.
(pdftex.def)             Requested size: 597.45789pt x 845.1138pt.
File: ./zeugnisse/christiani_akademie_cad-kompakt.pdf Graphic file (type pdf)

<use ./zeugnisse/christiani_akademie_cad-kompakt.pdf, page 1>
Package pdftex.def Info: ./zeugnisse/christiani_akademie_cad-kompakt.pdf, page1
 used on input line 55.
(pdftex.def)             Requested size: 597.45789pt x 845.1138pt.
File: ./zeugnisse/christiani_akademie_cad-kompakt.pdf Graphic file (type pdf)

<use ./zeugnisse/christiani_akademie_cad-kompakt.pdf, page 1>
Package pdftex.def Info: ./zeugnisse/christiani_akademie_cad-kompakt.pdf, page1
 used on input line 55.
(pdftex.def)             Requested size: 597.45789pt x 845.1138pt.
 [5 <./zeugnisse/christiani_akademie_cad-kompakt.pdf, page is rotated 90 degree
s>]
<./zeugnisse/ids_ansys_workbench_lq.jpg, id=244, 295.1025pt x 419.8887pt>
File: ./zeugnisse/ids_ansys_workbench_lq.jpg Graphic file (type jpg)

<use ./zeugnisse/ids_ansys_workbench_lq.jpg>
Package pdftex.def Info: ./zeugnisse/ids_ansys_workbench_lq.jpg used on input l
ine 65.
(pdftex.def)             Requested size: 595.58447pt x 843.06854pt.

Overfull \hbox (11.82648pt too wide) in paragraph at lines 65--66
[][] 
 []

[6 <./zeugnisse/ids_ansys_workbench_lq.jpg>]
<./zeugnisse/akakraft_schrauben_kurs_lq.jpg, id=249, 294.3798pt x 420.8523pt>
File: ./zeugnisse/akakraft_schrauben_kurs_lq.jpg Graphic file (type jpg)

<use ./zeugnisse/akakraft_schrauben_kurs_lq.jpg>
Package pdftex.def Info: ./zeugnisse/akakraft_schrauben_kurs_lq.jpg used on inp
ut line 128.
(pdftex.def)             Requested size: 595.51392pt x 843.12173pt.

Overfull \hbox (11.75592pt too wide) in paragraph at lines 128--129
[][] 
 []

[7 <./zeugnisse/akakraft_schrauben_kurs_lq.jpg>]
<./zeugnisse/schweissenkurs_lq.jpg, id=255, 149.358pt x 211.2693pt>
File: ./zeugnisse/schweissenkurs_lq.jpg Graphic file (type jpg)

<use ./zeugnisse/schweissenkurs_lq.jpg>
Package pdftex.def Info: ./zeugnisse/schweissenkurs_lq.jpg used on input line 1
35.
(pdftex.def)             Requested size: 595.68703pt x 843.12157pt.

Overfull \hbox (11.92903pt too wide) in paragraph at lines 134--136
[][] 
 []

Package atveryend Info: Empty hook `BeforeClearDocument' on input line 139.
[8 <./zeugnisse/schweissenkurs_lq.jpg>]
Package atveryend Info: Empty hook `AfterLastShipout' on input line 139.
 (./output/zeugnisse.aux)
Package atveryend Info: Executing hook `AtVeryEndDocument' on input line 139.
Package atveryend Info: Empty hook `AtEndAfterFileList' on input line 139.
Package atveryend Info: Empty hook `AtVeryVeryEnd' on input line 139.
 ) 
Here is how much of TeX's memory you used:
 8946 strings out of 492995
 145180 string characters out of 6135014
 329099 words of memory out of 5000000
 12406 multiletter control sequences out of 15000+600000
 3938 words of font info for 15 fonts, out of 8000000 for 9000
 1141 hyphenation exceptions out of 8191
 43i,18n,51p,8820b,454s stack positions out of 5000i,500n,10000p,200000b,80000s
</home/minh/opt/texlive/texmf-dist/fonts/type1/public/amsfonts/cm/cmr12.pfb>
Output written on ./output/zeugnisse.pdf (8 pages, 1363206 bytes).
PDF statistics:
 292 PDF objects out of 1000 (max. 8388607)
 244 compressed objects within 3 object streams
 9 named destinations out of 1000 (max. 500000)
 127 words of extra memory for PDF output out of 10000 (max. 10000000)

